Exporter version: 5.6.4, Blender version: 2.79 (sub 0)
========= Conversion from Blender to Babylon.js =========
	Scene settings used :
		export scope        :  SELECTED
		inline textures     :  false
		Positions Precision :  4
		Normals Precision   :  3
		UVs Precision       :  3
		Vert Color Precision:  3
		Mat Weight Precision:  2
		texture directory   :  C:\Users\super\Desktop\game\server\assets\mobs\
	Python World class constructor completed
	WARNING: No active camera has been assigned, or is not in a currently selected Blender layer
	processing begun of mesh:  Cube.005
		processing begun of Standard material:  Base
		processing begun of Standard material:  Material
		processing begun of multimaterial:  driller.Multimaterial#0
		num positions      :  153
		num normals        :  153
		num uvs            :  0
		num uvs2           :  0
		num colors         :  0
		num indices        :  690
========= Writing of scene file started =========
========= Writing of scene file completed =========
========= end of processing =========
elapsed time:  0 min, 0.0221 secs
